<?xml version="1.0" encoding="UTF-8"?>
<testsuite name="LetterCombinationPhoneNumberTest" tests="1" skipped="0" failures="0" errors="0" timestamp="2020-03-03T18:50:27" hostname="jainil-HP-Pavilion-15-Notebook-PC" time="0.002">
  <properties/>
  <testcase name="letterCombinations" classname="LetterCombinationPhoneNumberTest" time="0.002"/>
  <system-out><![CDATA[]]></system-out>
  <system-err><![CDATA[]]></system-err>
</testsuite>
