<?xml version="1.0" encoding="UTF-8"?>
<testsuite name="MedianOfTwoSortedArrayTest" tests="1" skipped="0" failures="0" errors="0" timestamp="2020-03-02T20:02:41" hostname="jainil-HP-Pavilion-15-Notebook-PC" time="0.002">
  <properties/>
  <testcase name="findMedianSortedArrays" classname="MedianOfTwoSortedArrayTest" time="0.002"/>
  <system-out><![CDATA[]]></system-out>
  <system-err><![CDATA[]]></system-err>
</testsuite>
